<?xml version="1.0" encoding="UTF-8"?>
<!-- Generated by org.testng.reporters.JUnitXMLReporter -->
<testsuite ignored="0" hostname="Aniket" failures="2" tests="18" name="Surefire test" time="124.962" errors="0" timestamp="15 Aug 2021 09:06:03 GMT">
  <testcase classname="testcases.CarLoanEMITest" name="testCarLoanEMI" time="1.721"/>
  <testcase classname="testcases.CarLoanEMITest" name="testCarLoanEMI" time="1.552"/>
  <testcase classname="testcases.CarLoanEMITest" name="testCarLoanInterest" time="1.666"/>
  <testcase classname="testcases.CarLoanEMITest" name="testCarLoanInterest" time="1.659"/>
  <testcase classname="testcases.HomeLoanEMITest" name="testHomeLoanEMI" time="1.364"/>
  <testcase classname="testcases.HomeLoanEMITest" name="testHomeLoanEMI" time="1.491"/>
  <testcase classname="testcases.HomeLoanEMITest" name="testHomeLoanEMI" time="1.273">
    <failure type="java.lang.AssertionError" message="expected [7,545] but found [7,645]">
      <![CDATA[java.lang.AssertionError: expected [7,545] but found [7,645]
at testcases.HomeLoanEMITest.testHomeLoanEMI(HomeLoanEMITest.java:36)
... Removed 36 stack frames]]>
    </failure>
  </testcase> <!-- testHomeLoanEMI -->
  <testcase classname="testcases.HomeLoanEMITest" name="testHomeLoanInterest" time="1.428"/>
  <testcase classname="testcases.HomeLoanEMITest" name="testHomeLoanInterest" time="1.468"/>
  <testcase classname="testcases.HomeLoanEMITest" name="testHomeLoanInterest" time="1.387">
    <failure type="java.lang.AssertionError" message="expected [5,76,039] but found [5,76,139]">
      <![CDATA[java.lang.AssertionError: expected [5,76,039] but found [5,76,139]
at testcases.HomeLoanEMITest.testHomeLoanInterest(HomeLoanEMITest.java:50)
... Removed 36 stack frames]]>
    </failure>
  </testcase> <!-- testHomeLoanInterest -->
  <testcase classname="testcases.PersonalLoanEMITest" name="testPersonalLoanEMI" time="1.599"/>
  <testcase classname="testcases.PersonalLoanEMITest" name="testPersonalLoanEMI" time="1.447"/>
  <testcase classname="testcases.PersonalLoanEMITest" name="testPersonalLoanEMI" time="1.514"/>
  <testcase classname="testcases.PersonalLoanEMITest" name="testPersonalLoanEMI" time="1.353"/>
  <testcase classname="testcases.PersonalLoanEMITest" name="testPersonalLoanInterest" time="1.681"/>
  <testcase classname="testcases.PersonalLoanEMITest" name="testPersonalLoanInterest" time="1.371"/>
  <testcase classname="testcases.PersonalLoanEMITest" name="testPersonalLoanInterest" time="1.561"/>
  <testcase classname="testcases.PersonalLoanEMITest" name="testPersonalLoanInterest" time="1.825"/>
</testsuite> <!-- Surefire test -->
