<?xml version="1.0" encoding="UTF-8"?>
<!-- Generated by org.testng.reporters.JUnitXMLReporter -->
<testsuite ignored="0" hostname="Aniket" failures="2" tests="18" name="Command line test" time="136.054" errors="0" timestamp="15 Aug 2021 10:42:46 GMT">
  <testcase classname="testcases.CarLoanEMITest" name="testCarLoanEMI" time="1.495"/>
  <testcase classname="testcases.CarLoanEMITest" name="testCarLoanEMI" time="1.425"/>
  <testcase classname="testcases.CarLoanEMITest" name="testCarLoanInterest" time="1.311"/>
  <testcase classname="testcases.CarLoanEMITest" name="testCarLoanInterest" time="1.574"/>
  <testcase classname="testcases.HomeLoanEMITest" name="testHomeLoanEMI" time="1.41"/>
  <testcase classname="testcases.HomeLoanEMITest" name="testHomeLoanEMI" time="1.426"/>
  <testcase classname="testcases.HomeLoanEMITest" name="testHomeLoanEMI" time="1.649">
    <failure type="java.lang.AssertionError" message="expected [7,545] but found [7,645]">
      <![CDATA[java.lang.AssertionError: expected [7,545] but found [7,645]
at testcases.HomeLoanEMITest.testHomeLoanEMI(HomeLoanEMITest.java:42)
... Removed 41 stack frames]]>
    </failure>
  </testcase> <!-- testHomeLoanEMI -->
  <testcase classname="testcases.HomeLoanEMITest" name="testHomeLoanInterest" time="1.373"/>
  <testcase classname="testcases.HomeLoanEMITest" name="testHomeLoanInterest" time="1.768"/>
  <testcase classname="testcases.HomeLoanEMITest" name="testHomeLoanInterest" time="1.601">
    <failure type="java.lang.AssertionError" message="expected [5,76,039] but found [5,76,139]">
      <![CDATA[java.lang.AssertionError: expected [5,76,039] but found [5,76,139]
at testcases.HomeLoanEMITest.testHomeLoanInterest(HomeLoanEMITest.java:60)
... Removed 41 stack frames]]>
    </failure>
  </testcase> <!-- testHomeLoanInterest -->
  <testcase classname="testcases.PersonalLoanEMITest" name="testPersonalLoanEMI" time="1.44"/>
  <testcase classname="testcases.PersonalLoanEMITest" name="testPersonalLoanEMI" time="1.461"/>
  <testcase classname="testcases.PersonalLoanEMITest" name="testPersonalLoanEMI" time="1.55"/>
  <testcase classname="testcases.PersonalLoanEMITest" name="testPersonalLoanEMI" time="1.624"/>
  <testcase classname="testcases.PersonalLoanEMITest" name="testPersonalLoanInterest" time="1.64"/>
  <testcase classname="testcases.PersonalLoanEMITest" name="testPersonalLoanInterest" time="1.663"/>
  <testcase classname="testcases.PersonalLoanEMITest" name="testPersonalLoanInterest" time="1.601"/>
  <testcase classname="testcases.PersonalLoanEMITest" name="testPersonalLoanInterest" time="1.609"/>
</testsuite> <!-- Command line test -->
