<?xml version="1.0" encoding="UTF-8"?>
<!-- Generated by org.testng.reporters.JUnitReportReporter -->
<testsuite hostname="Aniket" failures="1" tests="3" name="testcases.HomeLoanEMITest" time="47.886" errors="0" timestamp="15 Aug 2021 20:20:04 GMT" skipped="0">
  <testcase classname="testcases.HomeLoanEMITest" name="testHomeLoanEMI" time="15.268"/>
  <testcase classname="testcases.HomeLoanEMITest" name="testHomeLoanEMI" time="17.459">
    <failure message="expected [7,545] but found [7,645]" type="java.lang.AssertionError">
      <![CDATA[java.lang.AssertionError: expected [7,545] but found [7,645]
at org.testng.Assert.fail(Assert.java:96)
at org.testng.Assert.failNotEquals(Assert.java:776)
at org.testng.Assert.assertEqualsImpl(Assert.java:137)
at org.testng.Assert.assertEquals(Assert.java:118)
at org.testng.Assert.assertEquals(Assert.java:453)
at org.testng.Assert.assertEquals(Assert.java:463)
at testcases.HomeLoanEMITest.testHomeLoanEMI(HomeLoanEMITest.java:46)
at java.base/jdk.internal.reflect.NativeMethodAccessorImpl.invoke0(Native Method)
at java.base/jdk.internal.reflect.NativeMethodAccessorImpl.invoke(NativeMethodAccessorImpl.java:62)
at java.base/jdk.internal.reflect.DelegatingMethodAccessorImpl.invoke(DelegatingMethodAccessorImpl.java:43)
at java.base/java.lang.reflect.Method.invoke(Method.java:566)
at org.testng.internal.MethodInvocationHelper.invokeMethod(MethodInvocationHelper.java:124)
at org.testng.internal.Invoker.invokeMethod(Invoker.java:583)
at org.testng.internal.Invoker.invokeTestMethod(Invoker.java:719)
at org.testng.internal.Invoker.invokeTestMethods(Invoker.java:989)
at org.testng.internal.TestMethodWorker.invokeTestMethods(TestMethodWorker.java:125)
at org.testng.internal.TestMethodWorker.run(TestMethodWorker.java:109)
at java.base/java.util.concurrent.ThreadPoolExecutor.runWorker(ThreadPoolExecutor.java:1128)
at java.base/java.util.concurrent.ThreadPoolExecutor$Worker.run(ThreadPoolExecutor.java:628)
at java.base/java.lang.Thread.run(Thread.java:834)
]]>
    </failure>
  </testcase> <!-- testHomeLoanEMI -->
  <testcase classname="testcases.HomeLoanEMITest" name="testHomeLoanEMI" time="15.159"/>
</testsuite> <!-- testcases.HomeLoanEMITest -->
